03/11/2026 07:54:41 AM UTC	worker              INFO	Worker initialized
03/11/2026 07:54:41 AM UTC	worker              INFO	Worker running
03/11/2026 07:57:17 AM UTC	worker              INFO	Job Received with payload: b'{"jobtype":"boptest_run_test","params":{"testid":"c794965c-9443-4ae0-8c46-30a56164eb29","testcaseKey":"testcases/ibpsa/bestest_air/bestest_air.fmu"}}'
/boptest/lib/data/data_manager.py:474: FutureWarning: DataFrame.applymap has been deprecated. Use DataFrame.map instead.
  self.case.data = self.case.data.applymap(float)
03/11/2026 07:57:20 AM UTC	root                INFO	Control step set successfully.
03/11/2026 07:57:20 AM UTC	root                INFO	Test simulation initialized successfully to 0.0s with warmup period of 0.0s.
03/11/2026 07:57:20 AM UTC	root                INFO	Test case scenario was set successfully.
03/11/2026 07:57:27 AM UTC	worker              INFO	Request ID:   '4b4d1d30-3649-4ca3-b636-94934edb1547', with method 'initialize', was received
03/11/2026 07:57:33 AM UTC	root                INFO	Test simulation initialized successfully to 864000.0s with warmup period of 604800.0s.
03/11/2026 07:57:33 AM UTC	worker              INFO	Response for, '4b4d1d30-3649-4ca3-b636-94934edb1547', was sent
03/11/2026 07:57:33 AM UTC	worker              INFO	Request ID:   '99557617-dcaa-496c-b67b-24c669c98a0a', with method 'set_step', was received
03/11/2026 07:57:33 AM UTC	root                INFO	Control step set successfully.
03/11/2026 07:57:33 AM UTC	worker              INFO	Response for, '99557617-dcaa-496c-b67b-24c669c98a0a', was sent
03/11/2026 07:57:33 AM UTC	worker              INFO	Request ID:   '47585fd1-b80c-4a0a-8a4a-53d780fe797a', with method 'get_forecast', was received
03/11/2026 07:57:33 AM UTC	root                ERROR	Invalid point name(s) ['TDryBul_y', 'HGloHor_y'] in parameter point_names.  Check list of available forecast points.
03/11/2026 07:57:33 AM UTC	worker              INFO	Response for, '47585fd1-b80c-4a0a-8a4a-53d780fe797a', was sent
03/11/2026 08:12:33 AM UTC	worker              INFO	Testid 'c794965c-9443-4ae0-8c46-30a56164eb29' is terminating due to inactivity.
03/11/2026 08:12:33 AM UTC	worker              INFO	Test 'c794965c-9443-4ae0-8c46-30a56164eb29' is complete
Simulation interval    : 0.0 - 0.0 seconds.
Elapsed simulation time: 0.021035961995949037 seconds.
Simulation interval    : 259200.0 - 864000.0 seconds.
Elapsed simulation time: 4.953936190002423 seconds.
03/11/2026 08:12:35 AM UTC	worker              INFO	Job Received with payload: b'{"jobtype":"boptest_run_test","params":{"testid":"1f87a803-e5d2-4de4-8376-f0c86bf34d5e","testcaseKey":"testcases/ibpsa/bestest_air/bestest_air.fmu"}}'
/boptest/lib/data/data_manager.py:474: FutureWarning: DataFrame.applymap has been deprecated. Use DataFrame.map instead.
  self.case.data = self.case.data.applymap(float)
03/11/2026 08:12:37 AM UTC	root                INFO	Control step set successfully.
03/11/2026 08:12:38 AM UTC	root                INFO	Test simulation initialized successfully to 0.0s with warmup period of 0.0s.
03/11/2026 08:12:38 AM UTC	root                INFO	Test case scenario was set successfully.
03/11/2026 08:17:38 AM UTC	worker              INFO	Request ID:   '49c5f701-659c-4a33-9334-02aaafba0a49', with method 'get_forecast_points', was received
03/11/2026 08:17:38 AM UTC	root                INFO	Queried the forecast points and their meta-data successfully.
03/11/2026 08:17:38 AM UTC	worker              INFO	Response for, '49c5f701-659c-4a33-9334-02aaafba0a49', was sent
03/11/2026 08:18:34 AM UTC	worker              INFO	Request ID:   '636149f4-7904-4ad0-b98f-27b95f8c0348', with method 'get_forecast', was received
03/11/2026 08:18:34 AM UTC	root                ERROR	Invalid point name(s) ['TDryBul_y', 'HGloHor_y'] in parameter point_names.  Check list of available forecast points.
03/11/2026 08:18:34 AM UTC	worker              INFO	Response for, '636149f4-7904-4ad0-b98f-27b95f8c0348', was sent
03/11/2026 08:19:23 AM UTC	worker              INFO	Request ID:   '4cf99e2a-08cf-4a66-9355-96549cb57f95', with method 'get_forecast', was received
03/11/2026 08:19:23 AM UTC	root                INFO	Queried current test case for scenario successfully.
03/11/2026 08:19:23 AM UTC	root                INFO	Queried the forecast data successfully.
03/11/2026 08:19:23 AM UTC	worker              INFO	Response for, '4cf99e2a-08cf-4a66-9355-96549cb57f95', was sent
03/11/2026 08:19:42 AM UTC	worker              INFO	Request ID:   '55c0c9a1-3cfc-4d54-ba6f-3f2cd128d147', with method 'get_forecast', was received
03/11/2026 08:19:42 AM UTC	root                INFO	Queried current test case for scenario successfully.
03/11/2026 08:19:42 AM UTC	root                INFO	Queried the forecast data successfully.
03/11/2026 08:19:42 AM UTC	worker              INFO	Response for, '55c0c9a1-3cfc-4d54-ba6f-3f2cd128d147', was sent
